[2026-03-02 08:36:30] This is codeql database index-files --include-extension=.xml --include-extension=.wsdd --also-match-lgtm-index-filters --size-limit 10m --language xml -- /root/codeqlAI/storage/33092db5-88a7-49b8-95ea-db60530e9a09/codeql-db
[2026-03-02 08:36:30] Log file was started late.
[2026-03-02 08:36:30] Using index-files script /opt/codeql/xml/tools/index-files.sh.
[2026-03-02 08:36:30] [PROGRESS] database index-files> Scanning for files in /root/codeqlAI/storage/33092db5-88a7-49b8-95ea-db60530e9a09/source...
[2026-03-02 08:36:30] Calling plumbing command: codeql resolve files --include-extension=.xml --include-extension=.wsdd --also-match-lgtm-index-filters --size-limit=10m /root/codeqlAI/storage/33092db5-88a7-49b8-95ea-db60530e9a09/source --format=json
[2026-03-02 08:36:30] [PROGRESS] resolve files> Scanning /root/codeqlAI/storage/33092db5-88a7-49b8-95ea-db60530e9a09/source...
[2026-03-02 08:36:30] [PROGRESS] resolve files> Scanning /root/codeqlAI/storage/33092db5-88a7-49b8-95ea-db60530e9a09/source/.git...
[2026-03-02 08:36:30] [PROGRESS] resolve files> Scanning /root/codeqlAI/storage/33092db5-88a7-49b8-95ea-db60530e9a09/source/.git/objects...
[2026-03-02 08:36:30] [PROGRESS] resolve files> Scanning /root/codeqlAI/storage/33092db5-88a7-49b8-95ea-db60530e9a09/source/.git/objects/info...
[2026-03-02 08:36:30] [PROGRESS] resolve files> Scanning /root/codeqlAI/storage/33092db5-88a7-49b8-95ea-db60530e9a09/source/.git/objects/pack...
[2026-03-02 08:36:30] [PROGRESS] resolve files> Scanning /root/codeqlAI/storage/33092db5-88a7-49b8-95ea-db60530e9a09/source/.git/branches...
[2026-03-02 08:36:30] [PROGRESS] resolve files> Scanning /root/codeqlAI/storage/33092db5-88a7-49b8-95ea-db60530e9a09/source/.git/refs...
[2026-03-02 08:36:30] [PROGRESS] resolve files> Scanning /root/codeqlAI/storage/33092db5-88a7-49b8-95ea-db60530e9a09/source/.git/refs/remotes...
[2026-03-02 08:36:30] [PROGRESS] resolve files> Scanning /root/codeqlAI/storage/33092db5-88a7-49b8-95ea-db60530e9a09/source/.git/refs/remotes/origin...
[2026-03-02 08:36:30] [PROGRESS] resolve files> Scanning /root/codeqlAI/storage/33092db5-88a7-49b8-95ea-db60530e9a09/source/.git/refs/heads...
[2026-03-02 08:36:30] [PROGRESS] resolve files> Scanning /root/codeqlAI/storage/33092db5-88a7-49b8-95ea-db60530e9a09/source/.git/refs/tags...
[2026-03-02 08:36:30] [PROGRESS] resolve files> Scanning /root/codeqlAI/storage/33092db5-88a7-49b8-95ea-db60530e9a09/source/.git/info...
[2026-03-02 08:36:30] [PROGRESS] resolve files> Scanning /root/codeqlAI/storage/33092db5-88a7-49b8-95ea-db60530e9a09/source/.git/logs...
[2026-03-02 08:36:30] [PROGRESS] resolve files> Scanning /root/codeqlAI/storage/33092db5-88a7-49b8-95ea-db60530e9a09/source/.git/logs/refs...
[2026-03-02 08:36:30] [PROGRESS] resolve files> Scanning /root/codeqlAI/storage/33092db5-88a7-49b8-95ea-db60530e9a09/source/.git/logs/refs/remotes...
[2026-03-02 08:36:30] [PROGRESS] resolve files> Scanning /root/codeqlAI/storage/33092db5-88a7-49b8-95ea-db60530e9a09/source/.git/logs/refs/remotes/origin...
[2026-03-02 08:36:30] [PROGRESS] resolve files> Scanning /root/codeqlAI/storage/33092db5-88a7-49b8-95ea-db60530e9a09/source/.git/logs/refs/heads...
[2026-03-02 08:36:30] [PROGRESS] resolve files> Scanning /root/codeqlAI/storage/33092db5-88a7-49b8-95ea-db60530e9a09/source/.git/hooks...
[2026-03-02 08:36:30] [PROGRESS] resolve files> Scanning /root/codeqlAI/storage/33092db5-88a7-49b8-95ea-db60530e9a09/source/target...
[2026-03-02 08:36:30] [PROGRESS] resolve files> Scanning /root/codeqlAI/storage/33092db5-88a7-49b8-95ea-db60530e9a09/source/target/maven-archiver...
[2026-03-02 08:36:30] [PROGRESS] resolve files> Scanning /root/codeqlAI/storage/33092db5-88a7-49b8-95ea-db60530e9a09/source/target/generated-sources...
[2026-03-02 08:36:30] [PROGRESS] resolve files> Scanning /root/codeqlAI/storage/33092db5-88a7-49b8-95ea-db60530e9a09/source/target/generated-sources/annotations...
[2026-03-02 08:36:30] [PROGRESS] resolve files> Scanning /root/codeqlAI/storage/33092db5-88a7-49b8-95ea-db60530e9a09/source/target/maven-status...
[2026-03-02 08:36:30] [PROGRESS] resolve files> Scanning /root/codeqlAI/storage/33092db5-88a7-49b8-95ea-db60530e9a09/source/target/maven-status/maven-compiler-plugin...
[2026-03-02 08:36:30] [PROGRESS] resolve files> Scanning /root/codeqlAI/storage/33092db5-88a7-49b8-95ea-db60530e9a09/source/target/maven-status/maven-compiler-plugin/compile...
[2026-03-02 08:36:30] [PROGRESS] resolve files> Scanning /root/codeqlAI/storage/33092db5-88a7-49b8-95ea-db60530e9a09/source/target/maven-status/maven-compiler-plugin/compile/default-compile...
[2026-03-02 08:36:30] [PROGRESS] resolve files> Scanning /root/codeqlAI/storage/33092db5-88a7-49b8-95ea-db60530e9a09/source/target/classes...
[2026-03-02 08:36:30] [PROGRESS] resolve files> Scanning /root/codeqlAI/storage/33092db5-88a7-49b8-95ea-db60530e9a09/source/target/classes/com...
[2026-03-02 08:36:30] [PROGRESS] resolve files> Scanning /root/codeqlAI/storage/33092db5-88a7-49b8-95ea-db60530e9a09/source/target/classes/com/demo...
[2026-03-02 08:36:30] [PROGRESS] resolve files> Scanning /root/codeqlAI/storage/33092db5-88a7-49b8-95ea-db60530e9a09/source/target/classes/com/demo/controller...
[2026-03-02 08:36:30] [PROGRESS] resolve files> Scanning /root/codeqlAI/storage/33092db5-88a7-49b8-95ea-db60530e9a09/source/target/classes/com/demo/service...
[2026-03-02 08:36:30] [PROGRESS] resolve files> Scanning /root/codeqlAI/storage/33092db5-88a7-49b8-95ea-db60530e9a09/source/src...
[2026-03-02 08:36:30] [PROGRESS] resolve files> Scanning /root/codeqlAI/storage/33092db5-88a7-49b8-95ea-db60530e9a09/source/src/main...
[2026-03-02 08:36:30] [PROGRESS] resolve files> Scanning /root/codeqlAI/storage/33092db5-88a7-49b8-95ea-db60530e9a09/source/src/main/java...
[2026-03-02 08:36:30] [PROGRESS] resolve files> Scanning /root/codeqlAI/storage/33092db5-88a7-49b8-95ea-db60530e9a09/source/src/main/java/com...
[2026-03-02 08:36:30] [PROGRESS] resolve files> Scanning /root/codeqlAI/storage/33092db5-88a7-49b8-95ea-db60530e9a09/source/src/main/java/com/demo...
[2026-03-02 08:36:30] [PROGRESS] resolve files> Scanning /root/codeqlAI/storage/33092db5-88a7-49b8-95ea-db60530e9a09/source/src/main/java/com/demo/controller...
[2026-03-02 08:36:30] [PROGRESS] resolve files> Scanning /root/codeqlAI/storage/33092db5-88a7-49b8-95ea-db60530e9a09/source/src/main/java/com/demo/service...
[2026-03-02 08:36:30] [PROGRESS] resolve files> Scanning /root/codeqlAI/storage/33092db5-88a7-49b8-95ea-db60530e9a09/source/src/main/resources...
[2026-03-02 08:36:30] Plumbing command codeql resolve files completed:
                      [
                        "/root/codeqlAI/storage/33092db5-88a7-49b8-95ea-db60530e9a09/source/pom.xml"
                      ]
[2026-03-02 08:36:30] [DETAILS] database index-files> Found 1 files.
[2026-03-02 08:36:30] [PROGRESS] database index-files> /root/codeqlAI/storage/33092db5-88a7-49b8-95ea-db60530e9a09/codeql-db: Indexing files in in /root/codeqlAI/storage/33092db5-88a7-49b8-95ea-db60530e9a09/source...
[2026-03-02 08:36:30] Using index-files script /opt/codeql/xml/tools/index-files.sh.
[2026-03-02 08:36:30] [PROGRESS] database index-files> Running command in /root/codeqlAI/storage/33092db5-88a7-49b8-95ea-db60530e9a09/source: [/opt/codeql/xml/tools/index-files.sh, /root/codeqlAI/storage/33092db5-88a7-49b8-95ea-db60530e9a09/codeql-db/working/files-to-index12040747110734644737.list]
[2026-03-02 08:36:31] [build-stdout] [2026-03-02 08:36:31] [XMLExtractor] Processed 1 files in 113 ms; produced 0 bytes of compressed TRAP
[2026-03-02 08:36:31] [build-stdout] 08:36:31.435 [main] INFO com.semmle.cli.SimpleExtractor.Stats -- Processed 1 files in 113 ms; produced 0 bytes of compressed TRAP
[2026-03-02 08:36:31] Terminating normally.
